<?xml version="1.0" encoding="UTF-8"?>
<!-- Generated by org.testng.reporters.JUnitReportReporter -->
<testsuite hostname="DESKTOP-RE1LIDM" failures="0" tests="1" name="com.qa.test.HomePage" time="12.637" errors="0" timestamp="04 Mar 2021 02:35:49 GMT" skipped="0">
  <testcase classname="com.qa.test.HomePage" name="HeaderValiation" time="12.637"/>
</testsuite> <!-- com.qa.test.HomePage -->
